Using pre-set license
Built from '2020.3/release' branch; Version is '2020.3.1f1 (77a89f25062f) revision 7841951'; Using compiler version '192528614'; Build Type 'Release'
OS: 'Windows 10 Pro; OS build 19043.1466; Version 2009; 64bit' Language: 'ja' Physical Memory: 32690 MB
BatchMode: 1, IsHumanControllingUs: 0, StartBugReporterOnCrash: 0, Is64bit: 1, IsPro: 0

 COMMAND LINE ARGUMENTS:
C:\Program Files\Unity\Hub\Editor\2020.3.1f1\Editor\Unity.exe
-adb2
-batchMode
-noUpm
-name
AssetImportWorker0
-projectPath
C:/Users/Ataru/QuizGame/QuizGame
-logFile
Logs/AssetImportWorker0.log
-srvPort
50299
Successfully changed project path to: C:/Users/Ataru/QuizGame/QuizGame
C:/Users/Ataru/QuizGame/QuizGame
Using Asset Import Pipeline V2.
Refreshing native plugins compatible for Editor in 32.86 ms, found 1 plugins.
Preloading 0 native plugins for Editor in 0.00 ms.
Initialize engine version: 2020.3.1f1 (77a89f25062f)
[Subsystems] Discovering subsystems at path C:/Program Files/Unity/Hub/Editor/2020.3.1f1/Editor/Data/Resources/UnitySubsystems
[Subsystems] Discovering subsystems at path C:/Users/Ataru/QuizGame/QuizGame/Assets
GfxDevice: creating device client; threaded=0
Direct3D:
    Version:  Direct3D 11.0 [level 11.1]
    Renderer: NVIDIA GeForce GTX 980 (ID=0x13c0)
    Vendor:   
    VRAM:     4053 MB
    Driver:   27.21.14.5671
Initialize mono
Mono path[0] = 'C:/Program Files/Unity/Hub/Editor/2020.3.1f1/Editor/Data/Managed'
Mono path[1] = 'C:/Program Files/Unity/Hub/Editor/2020.3.1f1/Editor/Data/MonoBleedingEdge/lib/mono/unityjit'
Mono config path = 'C:/Program Files/Unity/Hub/Editor/2020.3.1f1/Editor/Data/MonoBleedingEdge/etc'
Using monoOptions --debugger-agent=transport=dt_socket,embedding=1,server=y,suspend=n,address=127.0.0.1:56816
Begin MonoManager ReloadAssembly
Registering precompiled unity dll's ...
Register platform support module: C:/Program Files/Unity/Hub/Editor/2020.3.1f1/Editor/Data/PlaybackEngines/WindowsStandaloneSupport/UnityEditor.WindowsStandalone.Extensions.dll
Registered in 0.001636 seconds.
Native extension for WindowsStandalone target not found
Refreshing native plugins compatible for Editor in 31.48 ms, found 1 plugins.
Preloading 0 native plugins for Editor in 0.00 ms.
Invoked RoslynAnalysisRunner static constructor.
RoslynAnalysisRunner will not be running.
RoslynAnalysisRunner has terminated.
Mono: successfully reloaded assembly
- Completed reload, in  3.648 seconds
Platform modules already initialized, skipping
Registering precompiled user dll's ...
Registered in 0.001666 seconds.
Begin MonoManager ReloadAssembly
Native extension for WindowsStandalone target not found
Refreshing native plugins compatible for Editor in 31.12 ms, found 1 plugins.
Preloading 0 native plugins for Editor in 0.00 ms.
Invoked RoslynAnalysisRunner static constructor.
RoslynAnalysisRunner will not be running.
RoslynAnalysisRunner has terminated.
Mono: successfully reloaded assembly
- Completed reload, in  0.873 seconds
Platform modules already initialized, skipping
========================================================================
Worker process is ready to serve import requests
Launched and connected shader compiler UnityShaderCompiler.exe after 0.05 seconds
Refreshing native plugins compatible for Editor in 0.43 ms, found 1 plugins.
Preloading 0 native plugins for Editor in 0.00 ms.
Unloading 1967 Unused Serialized files (Serialized files now loaded: 0)
System memory in use before: 90.9 MB.
System memory in use after: 90.9 MB.

Unloading 26 unused Assets to reduce memory usage. Loaded Objects now: 2412.
Total: 2.647100 ms (FindLiveObjects: 0.349100 ms CreateObjectMapping: 0.151000 ms MarkObjects: 1.961700 ms  DeleteObjects: 0.183400 ms)

========================================================================
Received Import Request.
  path: Assets/Resources/DOTweenSettings.asset
  artifactKey: Guid(9e8412aa0500edb47be271e915dfd17d) Importer(815301076,1909f56bfc062723c751e8b465ee728b)
Start importing Assets/Resources/DOTweenSettings.asset using Guid(9e8412aa0500edb47be271e915dfd17d) Importer(815301076,1909f56bfc062723c751e8b465ee728b)  -> (artifact id: 'e2387a66ceab2ff298202c4bae55577a') in 0.043367 seconds
  Import took 0.046233 seconds .

========================================================================
Received Import Request.
  Time since last request: 0.000163 seconds.
  path: Assets/Scenes
  artifactKey: Guid(aa30d4d442cbf8f4180c5729416ccb87) Importer(815301076,1909f56bfc062723c751e8b465ee728b)
Start importing Assets/Scenes using Guid(aa30d4d442cbf8f4180c5729416ccb87) Importer(815301076,1909f56bfc062723c751e8b465ee728b)  -> (artifact id: 'b8f2e6705c1271d0217a8c06ef62eb4c') in 0.006650 seconds
  Import took 0.009439 seconds .

========================================================================
Received Import Request.
  Time since last request: 84.150046 seconds.
  path: Assets
  artifactKey: Guid(00000000000000001000000000000000) Importer(815301076,1909f56bfc062723c751e8b465ee728b)
Start importing Assets using Guid(00000000000000001000000000000000) Importer(815301076,1909f56bfc062723c751e8b465ee728b)  -> (artifact id: 'a6374019befeac6ce670f13ba9960efb') in 0.007500 seconds
  Import took 0.010426 seconds .

========================================================================
Received Import Request.
  Time since last request: 62.683180 seconds.
  path: Assets/Resources
  artifactKey: Guid(f36d0af536af0ca42a48bae8ce068288) Importer(815301076,1909f56bfc062723c751e8b465ee728b)
Start importing Assets/Resources using Guid(f36d0af536af0ca42a48bae8ce068288) Importer(815301076,1909f56bfc062723c751e8b465ee728b)  -> (artifact id: 'd3938dd1b1f010d92a7c4c39b421216b') in 0.007703 seconds
  Import took 0.010877 seconds .

========================================================================
Received Import Request.
  Time since last request: 12.484839 seconds.
  path: Assets/Script
  artifactKey: Guid(0329cfbd5043dcb44b64d8e861c9ebd9) Importer(815301076,1909f56bfc062723c751e8b465ee728b)
Start importing Assets/Script using Guid(0329cfbd5043dcb44b64d8e861c9ebd9) Importer(815301076,1909f56bfc062723c751e8b465ee728b)  -> (artifact id: '26b7bf87cd9d9081b9366cbe99f2241a') in 0.006882 seconds
  Import took 0.009967 seconds .

========================================================================
Received Import Request.
  Time since last request: 10.251737 seconds.
  path: Assets/Script/QuestionData.cs
  artifactKey: Guid(dc7cb825d99d1f2449a8ea2dc1e329a3) Importer(815301076,1909f56bfc062723c751e8b465ee728b)
Start importing Assets/Script/QuestionData.cs using Guid(dc7cb825d99d1f2449a8ea2dc1e329a3) Importer(815301076,1909f56bfc062723c751e8b465ee728b)  -> (artifact id: '870dd7b5c26333c8aad5e59045dcebab') in 0.009285 seconds
  Import took 0.012530 seconds .

========================================================================
Received Prepare
Registering precompiled user dll's ...
Registered in 0.001794 seconds.
Begin MonoManager ReloadAssembly
Native extension for WindowsStandalone target not found
Refreshing native plugins compatible for Editor in 0.49 ms, found 1 plugins.
Preloading 0 native plugins for Editor in 0.00 ms.
Invoked RoslynAnalysisRunner static constructor.
RoslynAnalysisRunner will not be running.
RoslynAnalysisRunner has terminated.
Mono: successfully reloaded assembly
- Completed reload, in  0.784 seconds
Platform modules already initialized, skipping
Refreshing native plugins compatible for Editor in 0.39 ms, found 1 plugins.
Preloading 0 native plugins for Editor in 0.00 ms.
Unloading 1963 Unused Serialized files (Serialized files now loaded: 0)
System memory in use before: 90.9 MB.
System memory in use after: 90.9 MB.

Unloading 14 unused Assets to reduce memory usage. Loaded Objects now: 2417.
Total: 2.767900 ms (FindLiveObjects: 0.452600 ms CreateObjectMapping: 0.180900 ms MarkObjects: 2.039200 ms  DeleteObjects: 0.093600 ms)

========================================================================
Received Prepare
Registering precompiled user dll's ...
Registered in 0.001645 seconds.
Begin MonoManager ReloadAssembly
Native extension for WindowsStandalone target not found
Refreshing native plugins compatible for Editor in 0.40 ms, found 1 plugins.
Preloading 0 native plugins for Editor in 0.00 ms.
Invoked RoslynAnalysisRunner static constructor.
RoslynAnalysisRunner will not be running.
RoslynAnalysisRunner has terminated.
Mono: successfully reloaded assembly
- Completed reload, in  0.786 seconds
Platform modules already initialized, skipping
Refreshing native plugins compatible for Editor in 0.43 ms, found 1 plugins.
Preloading 0 native plugins for Editor in 0.00 ms.
Unloading 1963 Unused Serialized files (Serialized files now loaded: 0)
System memory in use before: 90.9 MB.
System memory in use after: 90.9 MB.

Unloading 14 unused Assets to reduce memory usage. Loaded Objects now: 2421.
Total: 2.399400 ms (FindLiveObjects: 0.353400 ms CreateObjectMapping: 0.130600 ms MarkObjects: 1.813000 ms  DeleteObjects: 0.100500 ms)

========================================================================
Received Import Request.
  Time since last request: 456.153969 seconds.
  path: Assets/Script/QuestionData.cs
  artifactKey: Guid(dc7cb825d99d1f2449a8ea2dc1e329a3) Importer(815301076,1909f56bfc062723c751e8b465ee728b)
Start importing Assets/Script/QuestionData.cs using Guid(dc7cb825d99d1f2449a8ea2dc1e329a3) Importer(815301076,1909f56bfc062723c751e8b465ee728b)  -> (artifact id: '6c7b43a394cdc8e5930e2901737f301e') in 0.013871 seconds
  Import took 0.018227 seconds .

========================================================================
Received Prepare
Registering precompiled user dll's ...
Registered in 0.001548 seconds.
Begin MonoManager ReloadAssembly
Native extension for WindowsStandalone target not found
Refreshing native plugins compatible for Editor in 0.36 ms, found 1 plugins.
Preloading 0 native plugins for Editor in 0.00 ms.
Invoked RoslynAnalysisRunner static constructor.
RoslynAnalysisRunner will not be running.
RoslynAnalysisRunner has terminated.
Mono: successfully reloaded assembly
- Completed reload, in  0.829 seconds
Platform modules already initialized, skipping
Refreshing native plugins compatible for Editor in 1.26 ms, found 1 plugins.
Preloading 0 native plugins for Editor in 0.00 ms.
Unloading 1963 Unused Serialized files (Serialized files now loaded: 0)
System memory in use before: 91.0 MB.
System memory in use after: 91.0 MB.

Unloading 14 unused Assets to reduce memory usage. Loaded Objects now: 2425.
Total: 4.305000 ms (FindLiveObjects: 0.439600 ms CreateObjectMapping: 0.167000 ms MarkObjects: 3.526900 ms  DeleteObjects: 0.170000 ms)

========================================================================
Received Import Request.
  Time since last request: 16.512336 seconds.
  path: Assets/Script/QuestionData.cs
  artifactKey: Guid(dc7cb825d99d1f2449a8ea2dc1e329a3) Importer(815301076,1909f56bfc062723c751e8b465ee728b)
Start importing Assets/Script/QuestionData.cs using Guid(dc7cb825d99d1f2449a8ea2dc1e329a3) Importer(815301076,1909f56bfc062723c751e8b465ee728b)  -> (artifact id: 'fa7bde884514b8888f1ba218fe87800b') in 0.038917 seconds
  Import took 0.043761 seconds .

========================================================================
Received Prepare
Registering precompiled user dll's ...
Registered in 0.001733 seconds.
Begin MonoManager ReloadAssembly
Native extension for WindowsStandalone target not found
Refreshing native plugins compatible for Editor in 0.87 ms, found 1 plugins.
Preloading 0 native plugins for Editor in 0.00 ms.
Invoked RoslynAnalysisRunner static constructor.
RoslynAnalysisRunner will not be running.
RoslynAnalysisRunner has terminated.
Mono: successfully reloaded assembly
- Completed reload, in  0.873 seconds
Platform modules already initialized, skipping
Refreshing native plugins compatible for Editor in 0.46 ms, found 1 plugins.
Preloading 0 native plugins for Editor in 0.00 ms.
Unloading 1963 Unused Serialized files (Serialized files now loaded: 0)
System memory in use before: 91.0 MB.
System memory in use after: 91.0 MB.

Unloading 14 unused Assets to reduce memory usage. Loaded Objects now: 2429.
Total: 2.747300 ms (FindLiveObjects: 0.286600 ms CreateObjectMapping: 0.145400 ms MarkObjects: 2.202000 ms  DeleteObjects: 0.111700 ms)

========================================================================
Received Import Request.
  Time since last request: 15.691549 seconds.
  path: Assets/Script/QuestionData.cs
  artifactKey: Guid(dc7cb825d99d1f2449a8ea2dc1e329a3) Importer(815301076,1909f56bfc062723c751e8b465ee728b)
Start importing Assets/Script/QuestionData.cs using Guid(dc7cb825d99d1f2449a8ea2dc1e329a3) Importer(815301076,1909f56bfc062723c751e8b465ee728b)  -> (artifact id: 'e26de1b1f64e880db9284f859c7302da') in 0.016305 seconds
  Import took 0.020547 seconds .

========================================================================
Received Import Request.
  Time since last request: 0.060646 seconds.
  path: Assets/Script/QuestionData.cs
  artifactKey: Guid(dc7cb825d99d1f2449a8ea2dc1e329a3) Importer(815301076,1909f56bfc062723c751e8b465ee728b)
Start importing Assets/Script/QuestionData.cs using Guid(dc7cb825d99d1f2449a8ea2dc1e329a3) Importer(815301076,1909f56bfc062723c751e8b465ee728b)  -> (artifact id: 'e26de1b1f64e880db9284f859c7302da') in 0.002659 seconds
  Import took 0.005983 seconds .

========================================================================
Received Prepare
Registering precompiled user dll's ...
Registered in 0.001616 seconds.
Begin MonoManager ReloadAssembly
Native extension for WindowsStandalone target not found
Refreshing native plugins compatible for Editor in 0.40 ms, found 1 plugins.
Preloading 0 native plugins for Editor in 0.00 ms.
Invoked RoslynAnalysisRunner static constructor.
RoslynAnalysisRunner will not be running.
RoslynAnalysisRunner has terminated.
Mono: successfully reloaded assembly
- Completed reload, in  1.015 seconds
Platform modules already initialized, skipping
Refreshing native plugins compatible for Editor in 0.33 ms, found 1 plugins.
Preloading 0 native plugins for Editor in 0.00 ms.
Unloading 1963 Unused Serialized files (Serialized files now loaded: 0)
System memory in use before: 91.0 MB.
System memory in use after: 91.0 MB.

Unloading 14 unused Assets to reduce memory usage. Loaded Objects now: 2433.
Total: 3.472800 ms (FindLiveObjects: 0.513400 ms CreateObjectMapping: 0.131000 ms MarkObjects: 2.673900 ms  DeleteObjects: 0.152100 ms)

========================================================================
Received Import Request.
  Time since last request: 458.472535 seconds.
  path: Assets/Questions
  artifactKey: Guid(b325b7c6ffcad3e4192bc7ef7731d996) Importer(815301076,1909f56bfc062723c751e8b465ee728b)
Start importing Assets/Questions using Guid(b325b7c6ffcad3e4192bc7ef7731d996) Importer(815301076,1909f56bfc062723c751e8b465ee728b)  -> (artifact id: '624f877622fdcedaebd221448085712d') in 0.013945 seconds
  Import took 0.019071 seconds .

========================================================================
Received Prepare
Registering precompiled user dll's ...
Registered in 0.001667 seconds.
Begin MonoManager ReloadAssembly
Native extension for WindowsStandalone target not found
Refreshing native plugins compatible for Editor in 0.40 ms, found 1 plugins.
Preloading 0 native plugins for Editor in 0.00 ms.
Invoked RoslynAnalysisRunner static constructor.
RoslynAnalysisRunner will not be running.
RoslynAnalysisRunner has terminated.
Mono: successfully reloaded assembly
- Completed reload, in  0.798 seconds
Platform modules already initialized, skipping
Refreshing native plugins compatible for Editor in 0.35 ms, found 1 plugins.
Preloading 0 native plugins for Editor in 0.00 ms.
Unloading 1963 Unused Serialized files (Serialized files now loaded: 0)
System memory in use before: 91.0 MB.
System memory in use after: 91.0 MB.

Unloading 14 unused Assets to reduce memory usage. Loaded Objects now: 2437.
Total: 1.843600 ms (FindLiveObjects: 0.343000 ms CreateObjectMapping: 0.107500 ms MarkObjects: 1.297700 ms  DeleteObjects: 0.093900 ms)

========================================================================
Received Import Request.
  Time since last request: 157.744857 seconds.
  path: Assets/Questions/QuestionData.asset
  artifactKey: Guid(ed094da9b9508c14f97f4c1e6578e1fd) Importer(815301076,1909f56bfc062723c751e8b465ee728b)
Start importing Assets/Questions/QuestionData.asset using Guid(ed094da9b9508c14f97f4c1e6578e1fd) Importer(815301076,1909f56bfc062723c751e8b465ee728b)  -> (artifact id: 'bb9015cff39284baf47913e2f5d5ae71') in 0.014724 seconds
  Import took 0.018377 seconds .

========================================================================
Received Prepare
Registering precompiled user dll's ...
Registered in 0.001950 seconds.
Begin MonoManager ReloadAssembly
Native extension for WindowsStandalone target not found
Refreshing native plugins compatible for Editor in 0.45 ms, found 1 plugins.
Preloading 0 native plugins for Editor in 0.00 ms.
Invoked RoslynAnalysisRunner static constructor.
RoslynAnalysisRunner will not be running.
RoslynAnalysisRunner has terminated.
Mono: successfully reloaded assembly
- Completed reload, in  0.855 seconds
Platform modules already initialized, skipping
Refreshing native plugins compatible for Editor in 0.39 ms, found 1 plugins.
Preloading 0 native plugins for Editor in 0.00 ms.
Unloading 1963 Unused Serialized files (Serialized files now loaded: 0)
System memory in use before: 91.0 MB.
System memory in use after: 91.0 MB.

Unloading 14 unused Assets to reduce memory usage. Loaded Objects now: 2441.
Total: 2.734900 ms (FindLiveObjects: 0.412800 ms CreateObjectMapping: 0.194700 ms MarkObjects: 1.995700 ms  DeleteObjects: 0.129300 ms)

========================================================================
Received Prepare
Registering precompiled user dll's ...
Registered in 0.001528 seconds.
Begin MonoManager ReloadAssembly
Native extension for WindowsStandalone target not found
Refreshing native plugins compatible for Editor in 0.38 ms, found 1 plugins.
Preloading 0 native plugins for Editor in 0.00 ms.
Invoked RoslynAnalysisRunner static constructor.
RoslynAnalysisRunner will not be running.
RoslynAnalysisRunner has terminated.
Mono: successfully reloaded assembly
- Completed reload, in  0.800 seconds
Platform modules already initialized, skipping
Refreshing native plugins compatible for Editor in 0.34 ms, found 1 plugins.
Preloading 0 native plugins for Editor in 0.00 ms.
Unloading 1963 Unused Serialized files (Serialized files now loaded: 0)
System memory in use before: 91.0 MB.
System memory in use after: 91.0 MB.

Unloading 14 unused Assets to reduce memory usage. Loaded Objects now: 2445.
Total: 1.737900 ms (FindLiveObjects: 0.263000 ms CreateObjectMapping: 0.077000 ms MarkObjects: 1.305200 ms  DeleteObjects: 0.091500 ms)

========================================================================
Received Prepare
Registering precompiled user dll's ...
Registered in 0.034641 seconds.
Begin MonoManager ReloadAssembly
Native extension for WindowsStandalone target not found
Refreshing native plugins compatible for Editor in 0.40 ms, found 1 plugins.
Preloading 0 native plugins for Editor in 0.00 ms.
Invoked RoslynAnalysisRunner static constructor.
RoslynAnalysisRunner will not be running.
RoslynAnalysisRunner has terminated.
Mono: successfully reloaded assembly
- Completed reload, in  0.784 seconds
Platform modules already initialized, skipping
Refreshing native plugins compatible for Editor in 0.37 ms, found 1 plugins.
Preloading 0 native plugins for Editor in 0.00 ms.
Unloading 1963 Unused Serialized files (Serialized files now loaded: 0)
System memory in use before: 91.0 MB.
System memory in use after: 91.0 MB.

Unloading 14 unused Assets to reduce memory usage. Loaded Objects now: 2449.
Total: 1.711000 ms (FindLiveObjects: 0.247000 ms CreateObjectMapping: 0.077900 ms MarkObjects: 1.301200 ms  DeleteObjects: 0.083700 ms)

========================================================================
Received Prepare
Registering precompiled user dll's ...
Registered in 0.001537 seconds.
Begin MonoManager ReloadAssembly
Native extension for WindowsStandalone target not found
Refreshing native plugins compatible for Editor in 0.36 ms, found 1 plugins.
Preloading 0 native plugins for Editor in 0.00 ms.
Invoked RoslynAnalysisRunner static constructor.
RoslynAnalysisRunner will not be running.
RoslynAnalysisRunner has terminated.
Mono: successfully reloaded assembly
- Completed reload, in  0.824 seconds
Platform modules already initialized, skipping
Refreshing native plugins compatible for Editor in 0.44 ms, found 1 plugins.
Preloading 0 native plugins for Editor in 0.00 ms.
Unloading 1963 Unused Serialized files (Serialized files now loaded: 0)
System memory in use before: 91.0 MB.
System memory in use after: 91.0 MB.

Unloading 14 unused Assets to reduce memory usage. Loaded Objects now: 2453.
Total: 1.766400 ms (FindLiveObjects: 0.236400 ms CreateObjectMapping: 0.086700 ms MarkObjects: 1.345600 ms  DeleteObjects: 0.096500 ms)

========================================================================
Received Prepare
Registering precompiled user dll's ...
Registered in 0.001928 seconds.
Begin MonoManager ReloadAssembly
Native extension for WindowsStandalone target not found
Refreshing native plugins compatible for Editor in 0.35 ms, found 1 plugins.
Preloading 0 native plugins for Editor in 0.00 ms.
Invoked RoslynAnalysisRunner static constructor.
RoslynAnalysisRunner will not be running.
RoslynAnalysisRunner has terminated.
Mono: successfully reloaded assembly
- Completed reload, in  0.896 seconds
Platform modules already initialized, skipping
Refreshing native plugins compatible for Editor in 0.38 ms, found 1 plugins.
Preloading 0 native plugins for Editor in 0.00 ms.
Unloading 1963 Unused Serialized files (Serialized files now loaded: 0)
System memory in use before: 91.0 MB.
System memory in use after: 91.0 MB.

Unloading 14 unused Assets to reduce memory usage. Loaded Objects now: 2457.
Total: 2.656100 ms (FindLiveObjects: 0.422200 ms CreateObjectMapping: 0.212400 ms MarkObjects: 1.844800 ms  DeleteObjects: 0.175100 ms)

========================================================================
Received Import Request.
  Time since last request: 2688.404014 seconds.
  path: Assets/Questions/QuestionData.asset
  artifactKey: Guid(ed094da9b9508c14f97f4c1e6578e1fd) Importer(815301076,1909f56bfc062723c751e8b465ee728b)
Start importing Assets/Questions/QuestionData.asset using Guid(ed094da9b9508c14f97f4c1e6578e1fd) Importer(815301076,1909f56bfc062723c751e8b465ee728b)  -> (artifact id: 'b6ecadf94b0c8fc549e3fb64213d10c1') in 0.021337 seconds
  Import took 0.025440 seconds .

========================================================================
Received Import Request.
  Time since last request: 0.006213 seconds.
  path: Assets/Questions/QuestionData.asset
  artifactKey: Guid(ed094da9b9508c14f97f4c1e6578e1fd) Importer(815301076,1909f56bfc062723c751e8b465ee728b)
Start importing Assets/Questions/QuestionData.asset using Guid(ed094da9b9508c14f97f4c1e6578e1fd) Importer(815301076,1909f56bfc062723c751e8b465ee728b)  -> (artifact id: 'b6ecadf94b0c8fc549e3fb64213d10c1') in 0.003194 seconds
  Import took 0.006943 seconds .

========================================================================
Received Import Request.
  Time since last request: 866.466539 seconds.
  path: Assets/Questions/QuestionData 1.asset
  artifactKey: Guid(3d5d4760706c5354db7ea74b58dd8852) Importer(815301076,1909f56bfc062723c751e8b465ee728b)
Start importing Assets/Questions/QuestionData 1.asset using Guid(3d5d4760706c5354db7ea74b58dd8852) Importer(815301076,1909f56bfc062723c751e8b465ee728b)  -> (artifact id: '73636814105102928ec975b0fecc582a') in 0.011969 seconds
  Import took 0.015627 seconds .

========================================================================
Received Import Request.
  Time since last request: 3.625124 seconds.
  path: Assets/Questions/QuestionData.asset
  artifactKey: Guid(ed094da9b9508c14f97f4c1e6578e1fd) Importer(815301076,1909f56bfc062723c751e8b465ee728b)
Start importing Assets/Questions/QuestionData.asset using Guid(ed094da9b9508c14f97f4c1e6578e1fd) Importer(815301076,1909f56bfc062723c751e8b465ee728b)  -> (artifact id: '8c67e14f27010739bf89758cc3a1e5c4') in 0.002685 seconds
  Import took 0.005964 seconds .

========================================================================
Received Import Request.
  Time since last request: 4.436449 seconds.
  path: Assets/Questions/QuestionData.asset
  artifactKey: Guid(ed094da9b9508c14f97f4c1e6578e1fd) Importer(815301076,1909f56bfc062723c751e8b465ee728b)
Start importing Assets/Questions/QuestionData.asset using Guid(ed094da9b9508c14f97f4c1e6578e1fd) Importer(815301076,1909f56bfc062723c751e8b465ee728b)  -> (artifact id: '2c71d18c900d1036d2ce86b8249d9738') in 0.003746 seconds
  Import took 0.007762 seconds .

========================================================================
Received Import Request.
  Time since last request: 3.418225 seconds.
  path: Assets/Questions/QuestionData 1.asset
  artifactKey: Guid(3d5d4760706c5354db7ea74b58dd8852) Importer(815301076,1909f56bfc062723c751e8b465ee728b)
Start importing Assets/Questions/QuestionData 1.asset using Guid(3d5d4760706c5354db7ea74b58dd8852) Importer(815301076,1909f56bfc062723c751e8b465ee728b)  -> (artifact id: 'f48a5950a4cd0fa1510e708dd2716e4d') in 0.002717 seconds
  Import took 0.005772 seconds .

========================================================================
Received Import Request.
  Time since last request: 54.635486 seconds.
  path: Assets/Script/QuizGame.cs
  artifactKey: Guid(ff69b1de66946e54ca125a75a181bead) Importer(815301076,1909f56bfc062723c751e8b465ee728b)
Start importing Assets/Script/QuizGame.cs using Guid(ff69b1de66946e54ca125a75a181bead) Importer(815301076,1909f56bfc062723c751e8b465ee728b)  -> (artifact id: 'c62bf1a1cafc1aab26f3930546e6207c') in 0.009666 seconds
  Import took 0.012863 seconds .

========================================================================
Received Prepare
Registering precompiled user dll's ...
Registered in 0.001739 seconds.
Begin MonoManager ReloadAssembly
Native extension for WindowsStandalone target not found
Refreshing native plugins compatible for Editor in 0.35 ms, found 1 plugins.
Preloading 0 native plugins for Editor in 0.00 ms.
Invoked RoslynAnalysisRunner static constructor.
RoslynAnalysisRunner will not be running.
RoslynAnalysisRunner has terminated.
Mono: successfully reloaded assembly
- Completed reload, in  0.814 seconds
Platform modules already initialized, skipping
Refreshing native plugins compatible for Editor in 0.47 ms, found 1 plugins.
Preloading 0 native plugins for Editor in 0.00 ms.
Unloading 1964 Unused Serialized files (Serialized files now loaded: 0)
System memory in use before: 91.1 MB.
System memory in use after: 91.1 MB.

Unloading 14 unused Assets to reduce memory usage. Loaded Objects now: 2462.
Total: 1.719000 ms (FindLiveObjects: 0.225600 ms CreateObjectMapping: 0.076800 ms MarkObjects: 1.314300 ms  DeleteObjects: 0.101000 ms)

========================================================================
Received Import Request.
  Time since last request: 21.699531 seconds.
  path: Assets/Script/QuizGame.cs
  artifactKey: Guid(ff69b1de66946e54ca125a75a181bead) Importer(815301076,1909f56bfc062723c751e8b465ee728b)
Start importing Assets/Script/QuizGame.cs using Guid(ff69b1de66946e54ca125a75a181bead) Importer(815301076,1909f56bfc062723c751e8b465ee728b)  -> (artifact id: '46dba88def3e64cc2d94d4ed270c3b20') in 0.007319 seconds
  Import took 0.011555 seconds .

========================================================================
Received Prepare
Registering precompiled user dll's ...
Registered in 0.001803 seconds.
Begin MonoManager ReloadAssembly
Native extension for WindowsStandalone target not found
Refreshing native plugins compatible for Editor in 0.43 ms, found 1 plugins.
Preloading 0 native plugins for Editor in 0.00 ms.
Invoked RoslynAnalysisRunner static constructor.
RoslynAnalysisRunner will not be running.
RoslynAnalysisRunner has terminated.
Mono: successfully reloaded assembly
- Completed reload, in  0.818 seconds
Platform modules already initialized, skipping
Refreshing native plugins compatible for Editor in 0.38 ms, found 1 plugins.
Preloading 0 native plugins for Editor in 0.00 ms.
Unloading 1964 Unused Serialized files (Serialized files now loaded: 0)
System memory in use before: 91.1 MB.
System memory in use after: 91.1 MB.

Unloading 14 unused Assets to reduce memory usage. Loaded Objects now: 2466.
Total: 2.052600 ms (FindLiveObjects: 0.373400 ms CreateObjectMapping: 0.177300 ms MarkObjects: 1.407800 ms  DeleteObjects: 0.092800 ms)

========================================================================
Received Import Request.
  Time since last request: 1801.908544 seconds.
  path: Assets/Script/QuizGame.cs
  artifactKey: Guid(ff69b1de66946e54ca125a75a181bead) Importer(815301076,1909f56bfc062723c751e8b465ee728b)
Start importing Assets/Script/QuizGame.cs using Guid(ff69b1de66946e54ca125a75a181bead) Importer(815301076,1909f56bfc062723c751e8b465ee728b)  -> (artifact id: '1920337716863fe4e396469005c068c3') in 0.005232 seconds
  Import took 0.008360 seconds .

========================================================================
Received Prepare
Registering precompiled user dll's ...
Registered in 0.001695 seconds.
Begin MonoManager ReloadAssembly
Native extension for WindowsStandalone target not found
Refreshing native plugins compatible for Editor in 0.42 ms, found 1 plugins.
Preloading 0 native plugins for Editor in 0.00 ms.
Invoked RoslynAnalysisRunner static constructor.
RoslynAnalysisRunner will not be running.
RoslynAnalysisRunner has terminated.
Mono: successfully reloaded assembly
- Completed reload, in  0.869 seconds
Platform modules already initialized, skipping
Refreshing native plugins compatible for Editor in 0.41 ms, found 1 plugins.
Preloading 0 native plugins for Editor in 0.00 ms.
Unloading 1964 Unused Serialized files (Serialized files now loaded: 0)
System memory in use before: 91.1 MB.
System memory in use after: 91.1 MB.

Unloading 14 unused Assets to reduce memory usage. Loaded Objects now: 2470.
Total: 2.069000 ms (FindLiveObjects: 0.350600 ms CreateObjectMapping: 0.118000 ms MarkObjects: 1.499000 ms  DeleteObjects: 0.100300 ms)

========================================================================
Received Prepare
Registering precompiled user dll's ...
Registered in 0.001640 seconds.
Begin MonoManager ReloadAssembly
Native extension for WindowsStandalone target not found
Refreshing native plugins compatible for Editor in 0.37 ms, found 1 plugins.
Preloading 0 native plugins for Editor in 0.00 ms.
Invoked RoslynAnalysisRunner static constructor.
RoslynAnalysisRunner will not be running.
RoslynAnalysisRunner has terminated.
Mono: successfully reloaded assembly
- Completed reload, in  0.839 seconds
Platform modules already initialized, skipping
Refreshing native plugins compatible for Editor in 0.35 ms, found 1 plugins.
Preloading 0 native plugins for Editor in 0.00 ms.
Unloading 1964 Unused Serialized files (Serialized files now loaded: 0)
System memory in use before: 91.1 MB.
System memory in use after: 91.1 MB.

Unloading 14 unused Assets to reduce memory usage. Loaded Objects now: 2474.
Total: 2.117800 ms (FindLiveObjects: 0.378800 ms CreateObjectMapping: 0.137600 ms MarkObjects: 1.490800 ms  DeleteObjects: 0.109300 ms)

========================================================================
Received Prepare
Registering precompiled user dll's ...
Registered in 0.002142 seconds.
Begin MonoManager ReloadAssembly
Native extension for WindowsStandalone target not found
Refreshing native plugins compatible for Editor in 0.43 ms, found 1 plugins.
Preloading 0 native plugins for Editor in 0.00 ms.
Invoked RoslynAnalysisRunner static constructor.
RoslynAnalysisRunner will not be running.
RoslynAnalysisRunner has terminated.
Mono: successfully reloaded assembly
- Completed reload, in  0.830 seconds
Platform modules already initialized, skipping
Refreshing native plugins compatible for Editor in 0.41 ms, found 1 plugins.
Preloading 0 native plugins for Editor in 0.00 ms.
Unloading 1964 Unused Serialized files (Serialized files now loaded: 0)
System memory in use before: 91.1 MB.
System memory in use after: 91.1 MB.

Unloading 14 unused Assets to reduce memory usage. Loaded Objects now: 2478.
Total: 1.862900 ms (FindLiveObjects: 0.195800 ms CreateObjectMapping: 0.062800 ms MarkObjects: 1.451500 ms  DeleteObjects: 0.151600 ms)

========================================================================
Received Prepare
Registering precompiled user dll's ...
Registered in 0.001718 seconds.
Begin MonoManager ReloadAssembly
Native extension for WindowsStandalone target not found
Refreshing native plugins compatible for Editor in 0.65 ms, found 1 plugins.
Preloading 0 native plugins for Editor in 0.00 ms.
Invoked RoslynAnalysisRunner static constructor.
RoslynAnalysisRunner will not be running.
RoslynAnalysisRunner has terminated.
Mono: successfully reloaded assembly
- Completed reload, in  1.047 seconds
Platform modules already initialized, skipping
Refreshing native plugins compatible for Editor in 0.34 ms, found 1 plugins.
Preloading 0 native plugins for Editor in 0.00 ms.
Unloading 1964 Unused Serialized files (Serialized files now loaded: 0)
System memory in use before: 91.1 MB.
System memory in use after: 91.1 MB.

Unloading 14 unused Assets to reduce memory usage. Loaded Objects now: 2482.
Total: 1.752400 ms (FindLiveObjects: 0.230700 ms CreateObjectMapping: 0.080300 ms MarkObjects: 1.350500 ms  DeleteObjects: 0.089800 ms)

========================================================================
Received Prepare
Registering precompiled user dll's ...
Registered in 0.002479 seconds.
Begin MonoManager ReloadAssembly
Native extension for WindowsStandalone target not found
Refreshing native plugins compatible for Editor in 0.41 ms, found 1 plugins.
Preloading 0 native plugins for Editor in 0.00 ms.
Invoked RoslynAnalysisRunner static constructor.
RoslynAnalysisRunner will not be running.
RoslynAnalysisRunner has terminated.
Mono: successfully reloaded assembly
- Completed reload, in  0.854 seconds
Platform modules already initialized, skipping
Refreshing native plugins compatible for Editor in 0.38 ms, found 1 plugins.
Preloading 0 native plugins for Editor in 0.00 ms.
Unloading 1964 Unused Serialized files (Serialized files now loaded: 0)
System memory in use before: 91.1 MB.
System memory in use after: 91.1 MB.

Unloading 14 unused Assets to reduce memory usage. Loaded Objects now: 2486.
Total: 2.619300 ms (FindLiveObjects: 0.382800 ms CreateObjectMapping: 0.169100 ms MarkObjects: 1.917000 ms  DeleteObjects: 0.148400 ms)

========================================================================
Received Prepare
Registering precompiled user dll's ...
Registered in 0.001970 seconds.
Begin MonoManager ReloadAssembly
Native extension for WindowsStandalone target not found
Refreshing native plugins compatible for Editor in 0.67 ms, found 1 plugins.
Preloading 0 native plugins for Editor in 0.00 ms.
Invoked RoslynAnalysisRunner static constructor.
RoslynAnalysisRunner will not be running.
RoslynAnalysisRunner has terminated.
Mono: successfully reloaded assembly
- Completed reload, in  1.036 seconds
Platform modules already initialized, skipping
Refreshing native plugins compatible for Editor in 0.67 ms, found 1 plugins.
Preloading 0 native plugins for Editor in 0.00 ms.
Unloading 1964 Unused Serialized files (Serialized files now loaded: 0)
System memory in use before: 91.1 MB.
System memory in use after: 91.1 MB.

Unloading 14 unused Assets to reduce memory usage. Loaded Objects now: 2490.
Total: 2.280500 ms (FindLiveObjects: 0.470400 ms CreateObjectMapping: 0.167900 ms MarkObjects: 1.540500 ms  DeleteObjects: 0.099500 ms)

========================================================================
Received Prepare
Registering precompiled user dll's ...
Registered in 0.001574 seconds.
Begin MonoManager ReloadAssembly
Native extension for WindowsStandalone target not found
Refreshing native plugins compatible for Editor in 0.39 ms, found 1 plugins.
Preloading 0 native plugins for Editor in 0.00 ms.
Invoked RoslynAnalysisRunner static constructor.
RoslynAnalysisRunner will not be running.
RoslynAnalysisRunner has terminated.
Mono: successfully reloaded assembly
- Completed reload, in  0.960 seconds
Platform modules already initialized, skipping
Refreshing native plugins compatible for Editor in 0.63 ms, found 1 plugins.
Preloading 0 native plugins for Editor in 0.00 ms.
Unloading 1964 Unused Serialized files (Serialized files now loaded: 0)
System memory in use before: 91.2 MB.
System memory in use after: 91.1 MB.

Unloading 14 unused Assets to reduce memory usage. Loaded Objects now: 2494.
Total: 3.060000 ms (FindLiveObjects: 0.318500 ms CreateObjectMapping: 0.163500 ms MarkObjects: 2.455500 ms  DeleteObjects: 0.120700 ms)

========================================================================
Received Prepare
Registering precompiled user dll's ...
Registered in 0.001573 seconds.
Begin MonoManager ReloadAssembly
Native extension for WindowsStandalone target not found
Refreshing native plugins compatible for Editor in 0.36 ms, found 1 plugins.
Preloading 0 native plugins for Editor in 0.00 ms.
Invoked RoslynAnalysisRunner static constructor.
RoslynAnalysisRunner will not be running.
RoslynAnalysisRunner has terminated.
Mono: successfully reloaded assembly
- Completed reload, in  0.841 seconds
Platform modules already initialized, skipping
Refreshing native plugins compatible for Editor in 0.36 ms, found 1 plugins.
Preloading 0 native plugins for Editor in 0.00 ms.
Unloading 1964 Unused Serialized files (Serialized files now loaded: 0)
System memory in use before: 91.2 MB.
System memory in use after: 91.2 MB.

Unloading 14 unused Assets to reduce memory usage. Loaded Objects now: 2498.
Total: 2.417300 ms (FindLiveObjects: 0.379600 ms CreateObjectMapping: 0.128000 ms MarkObjects: 1.779600 ms  DeleteObjects: 0.128800 ms)

========================================================================
Received Prepare
Registering precompiled user dll's ...
Registered in 0.001811 seconds.
Begin MonoManager ReloadAssembly
Native extension for WindowsStandalone target not found
Refreshing native plugins compatible for Editor in 0.38 ms, found 1 plugins.
Preloading 0 native plugins for Editor in 0.00 ms.
Invoked RoslynAnalysisRunner static constructor.
RoslynAnalysisRunner will not be running.
RoslynAnalysisRunner has terminated.
Mono: successfully reloaded assembly
- Completed reload, in  0.849 seconds
Platform modules already initialized, skipping
Refreshing native plugins compatible for Editor in 0.54 ms, found 1 plugins.
Preloading 0 native plugins for Editor in 0.00 ms.
Unloading 1964 Unused Serialized files (Serialized files now loaded: 0)
System memory in use before: 91.2 MB.
System memory in use after: 91.2 MB.

Unloading 14 unused Assets to reduce memory usage. Loaded Objects now: 2502.
Total: 2.412500 ms (FindLiveObjects: 0.223600 ms CreateObjectMapping: 0.081900 ms MarkObjects: 1.950100 ms  DeleteObjects: 0.155900 ms)

========================================================================
Received Prepare
Registering precompiled user dll's ...
Registered in 0.001950 seconds.
Begin MonoManager ReloadAssembly
Native extension for WindowsStandalone target not found
Refreshing native plugins compatible for Editor in 0.37 ms, found 1 plugins.
Preloading 0 native plugins for Editor in 0.00 ms.
Invoked RoslynAnalysisRunner static constructor.
RoslynAnalysisRunner will not be running.
RoslynAnalysisRunner has terminated.
Mono: successfully reloaded assembly
- Completed reload, in  0.834 seconds
Platform modules already initialized, skipping
Refreshing native plugins compatible for Editor in 0.37 ms, found 1 plugins.
Preloading 0 native plugins for Editor in 0.00 ms.
Unloading 1964 Unused Serialized files (Serialized files now loaded: 0)
System memory in use before: 91.2 MB.
System memory in use after: 91.2 MB.

Unloading 14 unused Assets to reduce memory usage. Loaded Objects now: 2506.
Total: 2.659100 ms (FindLiveObjects: 0.399200 ms CreateObjectMapping: 0.161500 ms MarkObjects: 1.979200 ms  DeleteObjects: 0.117800 ms)

========================================================================
Received Prepare
Registering precompiled user dll's ...
Registered in 0.001552 seconds.
Begin MonoManager ReloadAssembly
Native extension for WindowsStandalone target not found
Refreshing native plugins compatible for Editor in 0.34 ms, found 1 plugins.
Preloading 0 native plugins for Editor in 0.00 ms.
Invoked RoslynAnalysisRunner static constructor.
RoslynAnalysisRunner will not be running.
RoslynAnalysisRunner has terminated.
Mono: successfully reloaded assembly
- Completed reload, in  0.885 seconds
Platform modules already initialized, skipping
Refreshing native plugins compatible for Editor in 0.90 ms, found 1 plugins.
Preloading 0 native plugins for Editor in 0.00 ms.
Unloading 1964 Unused Serialized files (Serialized files now loaded: 0)
System memory in use before: 91.2 MB.
System memory in use after: 91.2 MB.

Unloading 14 unused Assets to reduce memory usage. Loaded Objects now: 2510.
Total: 2.470400 ms (FindLiveObjects: 0.286300 ms CreateObjectMapping: 0.086800 ms MarkObjects: 1.986400 ms  DeleteObjects: 0.108500 ms)

========================================================================
Received Prepare
Registering precompiled user dll's ...
Registered in 0.002225 seconds.
Begin MonoManager ReloadAssembly
Native extension for WindowsStandalone target not found
Refreshing native plugins compatible for Editor in 0.45 ms, found 1 plugins.
Preloading 0 native plugins for Editor in 0.00 ms.
Invoked RoslynAnalysisRunner static constructor.
RoslynAnalysisRunner will not be running.
RoslynAnalysisRunner has terminated.
Mono: successfully reloaded assembly
- Completed reload, in  0.971 seconds
Platform modules already initialized, skipping
Refreshing native plugins compatible for Editor in 0.60 ms, found 1 plugins.
Preloading 0 native plugins for Editor in 0.00 ms.
Unloading 1964 Unused Serialized files (Serialized files now loaded: 0)
System memory in use before: 91.2 MB.
System memory in use after: 91.2 MB.

Unloading 14 unused Assets to reduce memory usage. Loaded Objects now: 2514.
Total: 3.609300 ms (FindLiveObjects: 0.523800 ms CreateObjectMapping: 0.233600 ms MarkObjects: 2.677200 ms  DeleteObjects: 0.172800 ms)

========================================================================
Received Prepare
Registering precompiled user dll's ...
Registered in 0.001501 seconds.
Begin MonoManager ReloadAssembly
Native extension for WindowsStandalone target not found
Refreshing native plugins compatible for Editor in 0.36 ms, found 1 plugins.
Preloading 0 native plugins for Editor in 0.00 ms.
Invoked RoslynAnalysisRunner static constructor.
RoslynAnalysisRunner will not be running.
RoslynAnalysisRunner has terminated.
Mono: successfully reloaded assembly
- Completed reload, in  0.843 seconds
Platform modules already initialized, skipping
Refreshing native plugins compatible for Editor in 0.34 ms, found 1 plugins.
Preloading 0 native plugins for Editor in 0.00 ms.
Unloading 1964 Unused Serialized files (Serialized files now loaded: 0)
System memory in use before: 91.2 MB.
System memory in use after: 91.2 MB.

Unloading 14 unused Assets to reduce memory usage. Loaded Objects now: 2518.
Total: 2.172500 ms (FindLiveObjects: 0.379300 ms CreateObjectMapping: 0.104600 ms MarkObjects: 1.582900 ms  DeleteObjects: 0.103700 ms)

========================================================================
Received Prepare
Registering precompiled user dll's ...
Registered in 0.001639 seconds.
Begin MonoManager ReloadAssembly
Native extension for WindowsStandalone target not found
Refreshing native plugins compatible for Editor in 0.36 ms, found 1 plugins.
Preloading 0 native plugins for Editor in 0.00 ms.
Invoked RoslynAnalysisRunner static constructor.
RoslynAnalysisRunner will not be running.
RoslynAnalysisRunner has terminated.
Mono: successfully reloaded assembly
- Completed reload, in  0.810 seconds
Platform modules already initialized, skipping
Refreshing native plugins compatible for Editor in 0.50 ms, found 1 plugins.
Preloading 0 native plugins for Editor in 0.00 ms.
Unloading 1964 Unused Serialized files (Serialized files now loaded: 0)
System memory in use before: 91.2 MB.
System memory in use after: 91.2 MB.

Unloading 14 unused Assets to reduce memory usage. Loaded Objects now: 2522.
Total: 1.931700 ms (FindLiveObjects: 0.342100 ms CreateObjectMapping: 0.091800 ms MarkObjects: 1.398900 ms  DeleteObjects: 0.097000 ms)

========================================================================
Received Prepare
Registering precompiled user dll's ...
Registered in 0.001975 seconds.
Begin MonoManager ReloadAssembly
Native extension for WindowsStandalone target not found
Refreshing native plugins compatible for Editor in 0.35 ms, found 1 plugins.
Preloading 0 native plugins for Editor in 0.00 ms.
Invoked RoslynAnalysisRunner static constructor.
RoslynAnalysisRunner will not be running.
RoslynAnalysisRunner has terminated.
Mono: successfully reloaded assembly
- Completed reload, in  0.809 seconds
Platform modules already initialized, skipping
Refreshing native plugins compatible for Editor in 0.34 ms, found 1 plugins.
Preloading 0 native plugins for Editor in 0.00 ms.
Unloading 1964 Unused Serialized files (Serialized files now loaded: 0)
System memory in use before: 91.2 MB.
System memory in use after: 91.2 MB.

Unloading 14 unused Assets to reduce memory usage. Loaded Objects now: 2526.
Total: 1.795800 ms (FindLiveObjects: 0.196200 ms CreateObjectMapping: 0.066600 ms MarkObjects: 1.331500 ms  DeleteObjects: 0.200600 ms)

========================================================================
Received Import Request.
  Time since last request: 32460.821352 seconds.
  path: Assets/Questions/QuestionData 1.asset
  artifactKey: Guid(bb88a6ba529be4040aec7e63759e9513) Importer(815301076,1909f56bfc062723c751e8b465ee728b)
Start importing Assets/Questions/QuestionData 1.asset using Guid(bb88a6ba529be4040aec7e63759e9513) Importer(815301076,1909f56bfc062723c751e8b465ee728b)  -> (artifact id: 'a24dc2ed96b8dd5255c0cd041422b42c') in 0.095946 seconds
  Import took 0.149926 seconds .

========================================================================
Received Import Request.
  Time since last request: 0.268695 seconds.
  path: Assets/Questions/QuestionData 2.asset
  artifactKey: Guid(a546154ab6673fb46828ca2fdebc567d) Importer(815301076,1909f56bfc062723c751e8b465ee728b)
Start importing Assets/Questions/QuestionData 2.asset using Guid(a546154ab6673fb46828ca2fdebc567d) Importer(815301076,1909f56bfc062723c751e8b465ee728b)  -> (artifact id: '2055c12d9f92c1afd94b4b5d1c983f77') in 0.007736 seconds
  Import took 0.011480 seconds .

========================================================================
Received Prepare
Registering precompiled user dll's ...
Registered in 0.001541 seconds.
Begin MonoManager ReloadAssembly
Native extension for WindowsStandalone target not found
Refreshing native plugins compatible for Editor in 0.51 ms, found 1 plugins.
Preloading 0 native plugins for Editor in 0.00 ms.
Invoked RoslynAnalysisRunner static constructor.
RoslynAnalysisRunner will not be running.
RoslynAnalysisRunner has terminated.
Mono: successfully reloaded assembly
- Completed reload, in  0.995 seconds
Platform modules already initialized, skipping
Refreshing native plugins compatible for Editor in 0.37 ms, found 1 plugins.
Preloading 0 native plugins for Editor in 0.00 ms.
Unloading 1964 Unused Serialized files (Serialized files now loaded: 0)
System memory in use before: 91.2 MB.
System memory in use after: 91.2 MB.

Unloading 14 unused Assets to reduce memory usage. Loaded Objects now: 2530.
Total: 6.544900 ms (FindLiveObjects: 1.044600 ms CreateObjectMapping: 0.752400 ms MarkObjects: 4.614700 ms  DeleteObjects: 0.131300 ms)

========================================================================
Received Prepare
Registering precompiled user dll's ...
Registered in 0.001543 seconds.
Begin MonoManager ReloadAssembly
Native extension for WindowsStandalone target not found
Refreshing native plugins compatible for Editor in 0.35 ms, found 1 plugins.
Preloading 0 native plugins for Editor in 0.00 ms.
Invoked RoslynAnalysisRunner static constructor.
RoslynAnalysisRunner will not be running.
RoslynAnalysisRunner has terminated.
Mono: successfully reloaded assembly
- Completed reload, in  0.793 seconds
Platform modules already initialized, skipping
Refreshing native plugins compatible for Editor in 0.47 ms, found 1 plugins.
Preloading 0 native plugins for Editor in 0.00 ms.
Unloading 1964 Unused Serialized files (Serialized files now loaded: 0)
System memory in use before: 91.2 MB.
System memory in use after: 91.2 MB.

Unloading 14 unused Assets to reduce memory usage. Loaded Objects now: 2534.
Total: 1.686700 ms (FindLiveObjects: 0.182800 ms CreateObjectMapping: 0.061000 ms MarkObjects: 1.307200 ms  DeleteObjects: 0.134600 ms)

========================================================================
Received Prepare
Registering precompiled user dll's ...
Registered in 0.002427 seconds.
Begin MonoManager ReloadAssembly
Native extension for WindowsStandalone target not found
Refreshing native plugins compatible for Editor in 0.34 ms, found 1 plugins.
Preloading 0 native plugins for Editor in 0.00 ms.
Invoked RoslynAnalysisRunner static constructor.
RoslynAnalysisRunner will not be running.
RoslynAnalysisRunner has terminated.
Mono: successfully reloaded assembly
- Completed reload, in  0.857 seconds
Platform modules already initialized, skipping
Refreshing native plugins compatible for Editor in 0.39 ms, found 1 plugins.
Preloading 0 native plugins for Editor in 0.00 ms.
Unloading 1964 Unused Serialized files (Serialized files now loaded: 0)
System memory in use before: 91.3 MB.
System memory in use after: 91.2 MB.

Unloading 14 unused Assets to reduce memory usage. Loaded Objects now: 2538.
Total: 1.734700 ms (FindLiveObjects: 0.235100 ms CreateObjectMapping: 0.083200 ms MarkObjects: 1.325800 ms  DeleteObjects: 0.089400 ms)

========================================================================
Received Prepare
Registering precompiled user dll's ...
Registered in 0.001602 seconds.
Begin MonoManager ReloadAssembly
Native extension for WindowsStandalone target not found
Refreshing native plugins compatible for Editor in 0.47 ms, found 1 plugins.
Preloading 0 native plugins for Editor in 0.00 ms.
Invoked RoslynAnalysisRunner static constructor.
RoslynAnalysisRunner will not be running.
RoslynAnalysisRunner has terminated.
Mono: successfully reloaded assembly
- Completed reload, in  0.839 seconds
Platform modules already initialized, skipping
Refreshing native plugins compatible for Editor in 0.38 ms, found 1 plugins.
Preloading 0 native plugins for Editor in 0.00 ms.
Unloading 1964 Unused Serialized files (Serialized files now loaded: 0)
System memory in use before: 91.3 MB.
System memory in use after: 91.3 MB.

Unloading 14 unused Assets to reduce memory usage. Loaded Objects now: 2542.
Total: 1.788300 ms (FindLiveObjects: 0.213300 ms CreateObjectMapping: 0.071000 ms MarkObjects: 1.411700 ms  DeleteObjects: 0.091300 ms)

AssetImportWorkerClient::OnTransportError - code=2 error=End of file
